DuAn/app/build/intermediates/manifest_merge_blame_file/debug/manifest-merger-blame-debug-report.txt
1<?xml version="1.0" encoding="utf-8"?>
2<manifest xmlns:android="http://schemas.android.com/apk/res/android"
3    package="com.example.myapplication"
4    android:versionCode="1"
5    android:versionName="1.0" >
6
7    <uses-sdk
8        android:minSdkVersion="22"
8-->src\main\AndroidManifest.xml
9        android:targetSdkVersion="30" />
9-->src\main\AndroidManifest.xml
10
11    <application
11-->src\main\AndroidManifest.xml:6:5-30:19
12        android:allowBackup="true"
12-->src\main\AndroidManifest.xml:7:9-35
13        android:appComponentFactory="androidx.core.app.CoreComponentFactory"
13-->[androidx.core:core:1.3.1] AndroidManifest.xml:24:18-86
14        android:debuggable="true"
15        android:icon="@mipmap/ic_launcher"
15-->src\main\AndroidManifest.xml:8:9-43
16        android:label="@string/app_name"
16-->src\main\AndroidManifest.xml:9:9-41
17        android:roundIcon="@mipmap/ic_launcher_round"
17-->src\main\AndroidManifest.xml:10:9-54
18        android:supportsRtl="true"
18-->src\main\AndroidManifest.xml:11:9-35
19        android:testOnly="true"
20        android:theme="@style/AppTheme" >
20-->src\main\AndroidManifest.xml:12:9-40
21        <activity android:name="com.example.myapplication.SplashScreenActivity" />
21-->src\main\AndroidManifest.xml:13:9-58
21-->src\main\AndroidManifest.xml:13:19-55
22        <activity android:name="com.example.myapplication.QLSach.ThemSachActivity" />
22-->src\main\AndroidManifest.xml:14:9-61
22-->src\main\AndroidManifest.xml:14:19-58
23        <activity android:name="com.example.myapplication.MainActivity" >
23-->src\main\AndroidManifest.xml:15:9-20:20
23-->src\main\AndroidManifest.xml:15:19-47
24            <intent-filter>
24-->src\main\AndroidManifest.xml:15:49-19:25
25                <action android:name="android.intent.action.MAIN" />
25-->src\main\AndroidManifest.xml:16:13-65
25-->src\main\AndroidManifest.xml:16:21-62
26
27                <category android:name="android.intent.category.LAUNCHER" />
27-->src\main\AndroidManifest.xml:18:13-73
27-->src\main\AndroidManifest.xml:18:23-70
28            </intent-filter>
29        </activity>
30        <activity android:name="com.example.myapplication.QLHoaDon.ThongKeDoanhThuActivity" />
30-->src\main\AndroidManifest.xml:21:9-70
30-->src\main\AndroidManifest.xml:21:19-67
31        <activity android:name="com.example.myapplication.QLHoaDon.QLHoaDonActivity" />
31-->src\main\AndroidManifest.xml:22:9-63
31-->src\main\AndroidManifest.xml:22:19-60
32        <activity android:name="com.example.myapplication.Login.LoginActivity" />
32-->src\main\AndroidManifest.xml:23:9-57
32-->src\main\AndroidManifest.xml:23:19-54
33        <activity android:name="com.example.myapplication.Login.QLNguoiDungActivity" >
33-->src\main\AndroidManifest.xml:24:9-26:20
33-->src\main\AndroidManifest.xml:24:19-60
34        </activity>
35        <activity android:name="com.example.myapplication.ChaoActivity" >
35-->src\main\AndroidManifest.xml:27:9-29:20
35-->src\main\AndroidManifest.xml:27:19-47
36        </activity>
37    </application>
38
39</manifest>